# JRE version: Java(TM) SE Runtime Environment (20.0.2+9) (build 20.0.2+9-78)
# Java VM: Java HotSpot(TM) 64-Bit Server VM (20.0.2+9-78, mixed mode, emulated-client, sharing, tiered, compressed oops, compressed class ptrs, g1 gc, bsd-aarch64)
GC Precious Log:
 CardTable entry size: 512
 Card Set container configuration: InlinePtr #cards 5 size 8 Array Of Cards #cards 12 size 40 Howl #buckets 4 coarsen threshold 1843 Howl Bitmap #cards 512 size 80 coarsen threshold 460 Card regions per heap region 1 cards per card region 2048
 CPUs: 8 total, 8 available
 Memory: 8192M
 Large Page Support: Disabled
 NUMA Support: Disabled
 Compressed Oops: Enabled (Zero based)
 Heap Region Size: 1M
 Heap Min Capacity: 8M
 Heap Initial Capacity: 128M
 Heap Max Capacity: 2G
 Pre-touch: Disabled
 Parallel Workers: 8
 Concurrent Workers: 2
 Concurrent Refinement Workers: 8
 Periodic GC: Disabled
Heap:
 garbage-first heap   total 99328K, used 33390K [0x0000000780000000, 0x0000000800000000)
  region size 1024K, 8 young (8192K), 5 survivors (5120K)
 Metaspace       used 67293K, committed 68032K, reserved 1114112K
  class space    used 9238K, committed 9600K, reserved 1048576K
GC Heap History (20 events):
Event: 149.387 GC heap before
{Heap before GC invocations=31 (full 3):
 garbage-first heap   total 99328K, used 82542K [0x0000000780000000, 0x0000000800000000)
  region size 1024K, 52 young (53248K), 3 survivors (3072K)
 Metaspace       used 66240K, committed 67328K, reserved 1114112K
  class space    used 9118K, committed 9600K, reserved 1048576K
}
Event: 149.400 GC heap after
{Heap after GC invocations=32 (full 3):
 garbage-first heap   total 124928K, used 32065K [0x0000000780000000, 0x0000000800000000)
  region size 1024K, 2 young (2048K), 2 survivors (2048K)
 Metaspace       used 66240K, committed 67328K, reserved 1114112K
  class space    used 9118K, committed 9600K, reserved 1048576K
}
Event: 199.905 GC heap before
{Heap before GC invocations=33 (full 3):
 garbage-first heap   total 124928K, used 36161K [0x0000000780000000, 0x0000000800000000)
  region size 1024K, 7 young (7168K), 2 survivors (2048K)
 Metaspace       used 66232K, committed 67328K, reserved 1114112K
  class space    used 9116K, committed 9600K, reserved 1048576K
}
Event: 200.039 GC heap after
{Heap after GC invocations=34 (full 4):
 garbage-first heap   total 99328K, used 25833K [0x0000000780000000, 0x0000000800000000)
  region size 1024K, 0 young (0K), 0 survivors (0K)
 Metaspace       used 66229K, committed 67328K, reserved 1114112K
  class space    used 9116K, committed 9600K, reserved 1048576K
}
Event: 200.516 GC heap before
{Heap before GC invocations=34 (full 4):
 garbage-first heap   total 99328K, used 84201K [0x0000000780000000, 0x0000000800000000)
  region size 1024K, 58 young (59392K), 0 survivors (0K)
 Metaspace       used 66586K, committed 67520K, reserved 1114112K
  class space    used 9156K, committed 9600K, reserved 1048576K
}
Event: 200.519 GC heap after
{Heap after GC invocations=35 (full 4):
 garbage-first heap   total 99328K, used 30642K [0x0000000780000000, 0x0000000800000000)
  region size 1024K, 5 young (5120K), 5 survivors (5120K)
 Metaspace       used 66586K, committed 67520K, reserved 1114112K
  class space    used 9156K, committed 9600K, reserved 1048576K
}
Event: 200.632 GC heap before
{Heap before GC invocations=36 (full 4):
 garbage-first heap   total 99328K, used 84914K [0x0000000780000000, 0x0000000800000000)
  region size 1024K, 57 young (58368K), 5 survivors (5120K)
 Metaspace       used 66586K, committed 67520K, reserved 1114112K
  class space    used 9156K, committed 9600K, reserved 1048576K
}
Event: 200.636 GC heap after
{Heap after GC invocations=37 (full 4):
 garbage-first heap   total 99328K, used 34239K [0x0000000780000000, 0x0000000800000000)
  region size 1024K, 3 young (3072K), 3 survivors (3072K)
 Metaspace       used 66586K, committed 67520K, reserved 1114112K
  class space    used 9156K, committed 9600K, reserved 1048576K
}
Event: 205.453 GC heap before
{Heap before GC invocations=37 (full 4):
 garbage-first heap   total 99328K, used 81343K [0x0000000780000000, 0x0000000800000000)
  region size 1024K, 51 young (52224K), 3 survivors (3072K)
 Metaspace       used 66592K, committed 67520K, reserved 1114112K
  class space    used 9158K, committed 9600K, reserved 1048576K
}
Event: 205.636 GC heap after
{Heap after GC invocations=38 (full 5):
 garbage-first heap   total 99328K, used 26034K [0x0000000780000000, 0x0000000800000000)
  region size 1024K, 0 young (0K), 0 survivors (0K)
 Metaspace       used 66576K, committed 67520K, reserved 1114112K
  class space    used 9156K, committed 9600K, reserved 1048576K
}
Event: 206.520 GC heap before
{Heap before GC invocations=38 (full 5):
 garbage-first heap   total 99328K, used 83378K [0x0000000780000000, 0x0000000800000000)
  region size 1024K, 57 young (58368K), 0 survivors (0K)
 Metaspace       used 66931K, committed 67712K, reserved 1114112K
  class space    used 9196K, committed 9600K, reserved 1048576K
}
Event: 206.523 GC heap after
{Heap after GC invocations=39 (full 5):
 garbage-first heap   total 99328K, used 30897K [0x0000000780000000, 0x0000000800000000)
  region size 1024K, 5 young (5120K), 5 survivors (5120K)
 Metaspace       used 66931K, committed 67712K, reserved 1114112K
  class space    used 9196K, committed 9600K, reserved 1048576K
}
Event: 206.573 GC heap before
{Heap before GC invocations=39 (full 5):
 garbage-first heap   total 99328K, used 38065K [0x0000000780000000, 0x0000000800000000)
  region size 1024K, 13 young (13312K), 5 survivors (5120K)
 Metaspace       used 66932K, committed 67712K, reserved 1114112K
  class space    used 9196K, committed 9600K, reserved 1048576K
}
Event: 206.577 GC heap after
{Heap after GC invocations=40 (full 5):
 garbage-first heap   total 99328K, used 32374K [0x0000000780000000, 0x0000000800000000)
  region size 1024K, 2 young (2048K), 2 survivors (2048K)
 Metaspace       used 66932K, committed 67712K, reserved 1114112K
  class space    used 9196K, committed 9600K, reserved 1048576K
}
Event: 206.635 GC heap before
{Heap before GC invocations=41 (full 5):
 garbage-first heap   total 126976K, used 85622K [0x0000000780000000, 0x0000000800000000)
  region size 1024K, 53 young (54272K), 2 survivors (2048K)
 Metaspace       used 66932K, committed 67712K, reserved 1114112K
  class space    used 9196K, committed 9600K, reserved 1048576K
}
Event: 206.638 GC heap after
{Heap after GC invocations=42 (full 5):
 garbage-first heap   total 126976K, used 35825K [0x0000000780000000, 0x0000000800000000)
  region size 1024K, 5 young (5120K), 5 survivors (5120K)
 Metaspace       used 66932K, committed 67712K, reserved 1114112K
  class space    used 9196K, committed 9600K, reserved 1048576K
}
Event: 225.483 GC heap before
{Heap before GC invocations=42 (full 5):
 garbage-first heap   total 126976K, used 78833K [0x0000000780000000, 0x0000000800000000)
  region size 1024K, 49 young (50176K), 5 survivors (5120K)
 Metaspace       used 66935K, committed 67712K, reserved 1114112K
  class space    used 9197K, committed 9600K, reserved 1048576K
}
Event: 225.590 GC heap after
{Heap after GC invocations=43 (full 6):
 garbage-first heap   total 99328K, used 26291K [0x0000000780000000, 0x0000000800000000)
  region size 1024K, 0 young (0K), 0 survivors (0K)
 Metaspace       used 66919K, committed 67712K, reserved 1114112K
  class space    used 9194K, committed 9600K, reserved 1048576K
}
Event: 227.086 GC heap before
{Heap before GC invocations=43 (full 6):
 garbage-first heap   total 99328K, used 83635K [0x0000000780000000, 0x0000000800000000)
  region size 1024K, 57 young (58368K), 0 survivors (0K)
 Metaspace       used 67228K, committed 67968K, reserved 1114112K
  class space    used 9231K, committed 9600K, reserved 1048576K
}
Event: 227.094 GC heap after
{Heap after GC invocations=44 (full 6):
 garbage-first heap   total 99328K, used 31342K [0x0000000780000000, 0x0000000800000000)
  region size 1024K, 5 young (5120K), 5 survivors (5120K)
 Metaspace       used 67228K, committed 67968K, reserved 1114112K
  class space    used 9231K, committed 9600K, reserved 1048576K
}

